========================================
StarkMind Production Credentials Log
Generated: 2025-06-13 04:09:07
Environment: Production
========================================

Flask Configuration:
- SECRET_KEY: a21535cd1bbe67da0cb58b95d01b9ce1ccfa8d4fce9e630d12aa455ac484b735
- FLASK_ENV: production
- FLASK_DEBUG: False

SMTP Configuration:
- ZOHO_EMAIL: noelsantamaria@agendify.xyz
- ZOHO_PASSWORD: (Destination01*+)
- DEFAULT_FROM_EMAIL: noelsantamaria@agendify.xyz

Application Settings:
- APP_NAME: StarkMind Landing
- APP_VERSION: 1.0.0

Server Information:
- Deployment Path: /root/proyectos/starkmind_landing
- Server Hostname: ubuntu-s-1vcpu-1gb-sfo3-01
- Server IP: 64.23.184.245
- Docker Compose Version: docker-compose version 1.25.0, build unknown

Security Notes:
- SECRET_KEY is cryptographically secure
- All credentials are configured for production use
- This log file should be kept secure and backed up

========================================
